<?xml version="1.0" encoding="UTF-8"?>
<!-- Generated by org.testng.reporters.JUnitXMLReporter -->
<testsuite hostname="NBLAP105" ignored="0" name="Test" tests="7" failures="1" timestamp="23 Feb 2021 07:50:57 GMT" time="354.718" errors="0">
  <testcase name="top10FriendsWithMaxNumberOfFollowers" time="3.999" classname="com.eltropy.twitterApi.TwitterApiExecution"/>
  <testcase name="twitterApiToGetTop10MostReTweetsCount" time="4.014" classname="com.eltropy.twitterApi.TwitterApiExecution"/>
  <testcase name="twitterApiToGetuserTweetsList" time="81.557" classname="com.eltropy.twitterApi.TwitterApiExecution"/>
  <testcase name="twitterApitoGetfriendsOfAuser" time="37.15" classname="com.eltropy.twitterApi.TwitterApiExecution"/>
  <testcase name="top10MostReTweetsTest" time="23.141" classname="com.eltropy.twitterApi.TwitterSeleniumExecution">
    <failure type="org.openqa.selenium.NoSuchElementException" message="Unable to locate element: //div[@lang=&amp;apos;en&amp;apos;]
For documentation on this error, please visit: http://seleniumhq.org/exceptions/no_such_element.html
Build info: version: &amp;apos;3.4.0&amp;apos;, revision: &amp;apos;unknown&amp;apos;, time: &amp;apos;unknown&amp;apos;
System info: host: &amp;apos;NBLAP105&amp;apos;, ip: &amp;apos;192.168.1.3&amp;apos;, os.name: &amp;apos;Windows 10&amp;apos;, os.arch: &amp;apos;amd64&amp;apos;, os.version: &amp;apos;10.0&amp;apos;, java.version: &amp;apos;1.8.0_231&amp;apos;
Driver info: org.openqa.selenium.firefox.FirefoxDriver
Capabilities [{moz:profile=C:\Users\saidammad\AppData\Local\Temp\rust_mozprofiles2FZfI, rotatable=false, moz:geckodriverVersion=0.29.0, timeouts={implicit=0.0, pageLoad=300000.0, script=30000.0}, pageLoadStrategy=normal, unhandledPromptBehavior=dismiss and notify, strictFileInteractability=false, moz:headless=false, platform=ANY, moz:accessibilityChecks=false, moz:useNonSpecCompliantPointerOrigin=false, acceptInsecureCerts=false, browserVersion=68.0.1, moz:shutdownTimeout=60000.0, platformVersion=10.0, moz:processID=5040.0, browserName=firefox, moz:buildID=20190717172542, javascriptEnabled=true, platformName=windows, setWindowRect=true, moz:webdriverClick=true}]
Session ID: 38448fb4-7fb0-4d25-b228-33907c239656
*** Element info: {Using=xpath, value=//div[@lang=&amp;apos;en&amp;apos;]}">
      <![CDATA[org.openqa.selenium.NoSuchElementException: Unable to locate element: //div[@lang='en']
For documentation on this error, please visit: http://seleniumhq.org/exceptions/no_such_element.html
Build info: version: '3.4.0', revision: 'unknown', time: 'unknown'
System info: host: 'NBLAP105', ip: '192.168.1.3', os.name: 'Windows 10', os.arch: 'amd64', os.version: '10.0', java.version: '1.8.0_231'
Driver info: org.openqa.selenium.firefox.FirefoxDriver
Capabilities [{moz:profile=C:\Users\saidammad\AppData\Local\Temp\rust_mozprofiles2FZfI, rotatable=false, moz:geckodriverVersion=0.29.0, timeouts={implicit=0.0, pageLoad=300000.0, script=30000.0}, pageLoadStrategy=normal, unhandledPromptBehavior=dismiss and notify, strictFileInteractability=false, moz:headless=false, platform=ANY, moz:accessibilityChecks=false, moz:useNonSpecCompliantPointerOrigin=false, acceptInsecureCerts=false, browserVersion=68.0.1, moz:shutdownTimeout=60000.0, platformVersion=10.0, moz:processID=5040.0, browserName=firefox, moz:buildID=20190717172542, javascriptEnabled=true, platformName=windows, setWindowRect=true, moz:webdriverClick=true}]
Session ID: 38448fb4-7fb0-4d25-b228-33907c239656
*** Element info: {Using=xpath, value=//div[@lang='en']}
at org.openqa.selenium.remote.http.W3CHttpResponseCodec.createException(W3CHttpResponseCodec.java:150)
at org.openqa.selenium.remote.http.W3CHttpResponseCodec.decode(W3CHttpResponseCodec.java:115)
at org.openqa.selenium.remote.http.W3CHttpResponseCodec.decode(W3CHttpResponseCodec.java:45)
at org.openqa.selenium.remote.HttpCommandExecutor.execute(HttpCommandExecutor.java:164)
at org.openqa.selenium.remote.service.DriverCommandExecutor.execute(DriverCommandExecutor.java:82)
at org.openqa.selenium.remote.RemoteWebDriver.execute(RemoteWebDriver.java:637)
at org.openqa.selenium.remote.RemoteWebDriver.findElement(RemoteWebDriver.java:410)
at org.openqa.selenium.remote.RemoteWebDriver.findElementByXPath(RemoteWebDriver.java:509)
at org.openqa.selenium.By$ByXPath.findElement(By.java:361)
at org.openqa.selenium.remote.RemoteWebDriver.findElement(RemoteWebDriver.java:402)
at org.openqa.selenium.support.pagefactory.DefaultElementLocator.findElement(DefaultElementLocator.java:69)
at org.openqa.selenium.support.pagefactory.internal.LocatingElementHandler.invoke(LocatingElementHandler.java:38)
at com.sun.proxy.$Proxy17.getText(Unknown Source)
at com.eltropy.twitterApi.TwitterPageObject.getTweetTextData(TwitterPageObject.java:23)
at com.eltropy.twitterApi.TwitterSeleniumExecution.top10MostReTweetsTest(TwitterSeleniumExecution.java:117)
... Removed 29 stack frames]]>
    </failure>
  </testcase> <!-- top10MostReTweetsTest -->
  <testcase name="user100FriendsListTest" time="112.174" classname="com.eltropy.twitterApi.TwitterSeleniumExecution"/>
  <testcase name="verifedAccountTest" time="51.084" classname="com.eltropy.twitterApi.TwitterSeleniumExecution"/>
</testsuite> <!-- Test -->
